c:\users\ahnjiwoo\desktop\projects\crabrenderer\crabrenderer\bin\debug\crabrenderer_d.pdb
c:\users\ahnjiwoo\desktop\projects\crabrenderer\crabrenderer\bin\debug\crabrenderer_d.idb
c:\users\ahnjiwoo\desktop\projects\crabrenderer\crabrenderer\inter\debug\unity_ppsvr0oj23ibu92s.obj
c:\users\ahnjiwoo\desktop\projects\crabrenderer\crabrenderer\inter\debug\crabrenderer_d.pch
c:\users\ahnjiwoo\desktop\projects\crabrenderer\crabrenderer\inter\debug\crabpch.obj
c:\users\ahnjiwoo\desktop\projects\crabrenderer\crabrenderer\bin\debug\crabrenderer_d.lib
c:\users\ahnjiwoo\desktop\projects\crabrenderer\crabrenderer\inter\debug\application.obj
c:\users\ahnjiwoo\desktop\projects\crabrenderer\crabrenderer\inter\debug\appwindow.obj
c:\users\ahnjiwoo\desktop\projects\crabrenderer\crabrenderer\inter\debug\components.obj
c:\users\ahnjiwoo\desktop\projects\crabrenderer\crabrenderer\inter\debug\crabevent.obj
c:\users\ahnjiwoo\desktop\projects\crabrenderer\crabrenderer\inter\debug\crabmath.obj
c:\users\ahnjiwoo\desktop\projects\crabrenderer\crabrenderer\inter\debug\crabtypes.obj
c:\users\ahnjiwoo\desktop\projects\crabrenderer\crabrenderer\inter\debug\ctti.obj
c:\users\ahnjiwoo\desktop\projects\crabrenderer\crabrenderer\inter\debug\d11_buffers.obj
c:\users\ahnjiwoo\desktop\projects\crabrenderer\crabrenderer\inter\debug\d11_constbuffer.obj
c:\users\ahnjiwoo\desktop\projects\crabrenderer\crabrenderer\inter\debug\d11_depthstencil.obj
c:\users\ahnjiwoo\desktop\projects\crabrenderer\crabrenderer\inter\debug\d11_framebuffer.obj
c:\users\ahnjiwoo\desktop\projects\crabrenderer\crabrenderer\inter\debug\d11_imgui.obj
c:\users\ahnjiwoo\desktop\projects\crabrenderer\crabrenderer\inter\debug\d11_inputlayout.obj
c:\users\ahnjiwoo\desktop\projects\crabrenderer\crabrenderer\inter\debug\d11_mesh.obj
c:\users\ahnjiwoo\desktop\projects\crabrenderer\crabrenderer\inter\debug\d11_model.obj
c:\users\ahnjiwoo\desktop\projects\crabrenderer\crabrenderer\inter\debug\d11_renderer.obj
c:\users\ahnjiwoo\desktop\projects\crabrenderer\crabrenderer\inter\debug\d11_renderstate.obj
c:\users\ahnjiwoo\desktop\projects\crabrenderer\crabrenderer\inter\debug\d11_rendertarget.obj
c:\users\ahnjiwoo\desktop\projects\crabrenderer\crabrenderer\inter\debug\d11_shaders.obj
c:\users\ahnjiwoo\desktop\projects\crabrenderer\crabrenderer\inter\debug\d11_snapshot.obj
c:\users\ahnjiwoo\desktop\projects\crabrenderer\crabrenderer\inter\debug\d11_swapchain.obj
c:\users\ahnjiwoo\desktop\projects\crabrenderer\crabrenderer\inter\debug\d11_texture.obj
c:\users\ahnjiwoo\desktop\projects\crabrenderer\crabrenderer\inter\debug\d11_utiles.obj
c:\users\ahnjiwoo\desktop\projects\crabrenderer\crabrenderer\inter\debug\entity.obj
c:\users\ahnjiwoo\desktop\projects\crabrenderer\crabrenderer\inter\debug\entrypoint.obj
c:\users\ahnjiwoo\desktop\projects\crabrenderer\crabrenderer\inter\debug\eventdispatcher.obj
c:\users\ahnjiwoo\desktop\projects\crabrenderer\crabrenderer\inter\debug\ilayer.obj
c:\users\ahnjiwoo\desktop\projects\crabrenderer\crabrenderer\inter\debug\initsetting.obj
c:\users\ahnjiwoo\desktop\projects\crabrenderer\crabrenderer\inter\debug\input.obj
c:\users\ahnjiwoo\desktop\projects\crabrenderer\crabrenderer\inter\debug\layerstack.obj
c:\users\ahnjiwoo\desktop\projects\crabrenderer\crabrenderer\inter\debug\light.obj
c:\users\ahnjiwoo\desktop\projects\crabrenderer\crabrenderer\inter\debug\log.obj
c:\users\ahnjiwoo\desktop\projects\crabrenderer\crabrenderer\inter\debug\material.obj
c:\users\ahnjiwoo\desktop\projects\crabrenderer\crabrenderer\inter\debug\postprocess.obj
c:\users\ahnjiwoo\desktop\projects\crabrenderer\crabrenderer\inter\debug\renderer.obj
c:\users\ahnjiwoo\desktop\projects\crabrenderer\crabrenderer\inter\debug\scene.obj
c:\users\ahnjiwoo\desktop\projects\crabrenderer\crabrenderer\inter\debug\scenemanager.obj
c:\users\ahnjiwoo\desktop\projects\crabrenderer\crabrenderer\inter\debug\script.obj
c:\users\ahnjiwoo\desktop\projects\crabrenderer\crabrenderer\inter\debug\systems.obj
c:\users\ahnjiwoo\desktop\projects\crabrenderer\crabrenderer\inter\debug\timer.obj
c:\users\ahnjiwoo\desktop\projects\crabrenderer\crabrenderer\inter\debug\vertextype.obj
c:\users\ahnjiwoo\desktop\projects\crabrenderer\crabrenderer\inter\debug\crabrenderer_d.pchast
c:\users\ahnjiwoo\desktop\projects\crabrenderer\crabrenderer\inter\debug\crabpch.nativecodeanalysis.xml
c:\users\ahnjiwoo\desktop\projects\crabrenderer\crabrenderer\\bin\debug\crabrenderer_d.pdb
c:\users\ahnjiwoo\desktop\projects\crabrenderer\crabrenderer\\inter\debug\crabrenderer.vcxproj.filelistabsolute.txt
c:\users\ahnjiwoo\desktop\projects\crabrenderer\crabrenderer\inter\debug\crabrenderer.tlog\cl.command.1.tlog
c:\users\ahnjiwoo\desktop\projects\crabrenderer\crabrenderer\inter\debug\crabrenderer.tlog\cl.items.tlog
c:\users\ahnjiwoo\desktop\projects\crabrenderer\crabrenderer\inter\debug\crabrenderer.tlog\cl.read.1.tlog
c:\users\ahnjiwoo\desktop\projects\crabrenderer\crabrenderer\inter\debug\crabrenderer.tlog\cl.write.1.tlog
c:\users\ahnjiwoo\desktop\projects\crabrenderer\crabrenderer\inter\debug\crabrenderer.tlog\lib-link.read.1.tlog
c:\users\ahnjiwoo\desktop\projects\crabrenderer\crabrenderer\inter\debug\crabrenderer.tlog\lib-link.write.1.tlog
c:\users\ahnjiwoo\desktop\projects\crabrenderer\crabrenderer\inter\debug\crabrenderer.tlog\lib.command.1.tlog
