c:\users\ahnjiwoo\desktop\projects\crabrenderer\demoprogram\inter\debug\demoprogram.pch
c:\users\ahnjiwoo\desktop\projects\crabrenderer\demoprogram\inter\debug\vc143.pdb
c:\users\ahnjiwoo\desktop\projects\crabrenderer\demoprogram\inter\debug\vc143.idb
c:\users\ahnjiwoo\desktop\projects\crabrenderer\demoprogram\inter\debug\pch.obj
c:\users\ahnjiwoo\desktop\projects\crabrenderer\demoprogram\inter\debug\unity_hyslaipejxljtf1q.obj
c:\users\ahnjiwoo\desktop\projects\crabrenderer\demoprogram\bin\debug\assimp-vc143-mtd.dll
c:\users\ahnjiwoo\desktop\projects\crabrenderer\demoprogram\bin\debug\poly2tri.dll
c:\users\ahnjiwoo\desktop\projects\crabrenderer\demoprogram\bin\debug\minizip.dll
c:\users\ahnjiwoo\desktop\projects\crabrenderer\demoprogram\bin\debug\zlibd1.dll
c:\users\ahnjiwoo\desktop\projects\crabrenderer\demoprogram\bin\debug\pugixml.dll
c:\users\ahnjiwoo\desktop\projects\crabrenderer\demoprogram\bin\debug\fmtd.dll
c:\users\ahnjiwoo\desktop\projects\crabrenderer\demoprogram\bin\debug\sdl2d.dll
c:\users\ahnjiwoo\desktop\projects\crabrenderer\demoprogram\bin\debug\demoprogram.exe
c:\users\ahnjiwoo\desktop\projects\crabrenderer\demoprogram\bin\debug\demoprogram.pdb
c:\users\ahnjiwoo\desktop\projects\crabrenderer\demoprogram\inter\debug\demoprogram.ilk
c:\users\ahnjiwoo\desktop\projects\crabrenderer\demoprogram\inter\debug\demoprogram.vcxproj.filelistabsolute.txt
c:\users\ahnjiwoo\desktop\projects\crabrenderer\demoprogram\inter\debug\demoprogram.tlog\cl.command.1.tlog
c:\users\ahnjiwoo\desktop\projects\crabrenderer\demoprogram\inter\debug\demoprogram.tlog\cl.items.tlog
c:\users\ahnjiwoo\desktop\projects\crabrenderer\demoprogram\inter\debug\demoprogram.tlog\cl.read.1.tlog
c:\users\ahnjiwoo\desktop\projects\crabrenderer\demoprogram\inter\debug\demoprogram.tlog\cl.write.1.tlog
c:\users\ahnjiwoo\desktop\projects\crabrenderer\demoprogram\inter\debug\demoprogram.tlog\demoprogram.write.1u.tlog
c:\users\ahnjiwoo\desktop\projects\crabrenderer\demoprogram\inter\debug\demoprogram.tlog\fxc.command.1.tlog
c:\users\ahnjiwoo\desktop\projects\crabrenderer\demoprogram\inter\debug\demoprogram.tlog\fxc.read.1.tlog
c:\users\ahnjiwoo\desktop\projects\crabrenderer\demoprogram\inter\debug\demoprogram.tlog\link.command.1.tlog
c:\users\ahnjiwoo\desktop\projects\crabrenderer\demoprogram\inter\debug\demoprogram.tlog\link.read.1.tlog
c:\users\ahnjiwoo\desktop\projects\crabrenderer\demoprogram\inter\debug\demoprogram.tlog\link.secondary.1.tlog
c:\users\ahnjiwoo\desktop\projects\crabrenderer\demoprogram\inter\debug\demoprogram.tlog\link.write.1.tlog
